2018-Dec-19 14:11:56 PM INFO  com.mutu.spring.rest.Application - Starting Application on MSI with PID 3736 (D:\Work\docker-env\mutu-spring-rest\target\classes started by Zaw Than Oo in D:\Work\docker-env\mutu-spring-rest)
2018-Dec-19 14:11:56 PM DEBUG com.mutu.spring.rest.Application - Running with Spring Boot v2.1.1.RELEASE, Spring v5.1.3.RELEASE
2018-Dec-19 14:11:56 PM INFO  com.mutu.spring.rest.Application - No active profile set, falling back to default profiles: default
2018-Dec-19 14:11:59 PM INFO  com.mutu.spring.rest.Application - Started Application in 3.478 seconds (JVM running for 4.07)
2018-Dec-19 14:12:02 PM DEBUG com.mutu.spring.rest.aop.LoggingAspect - class com.mutu.spring.rest.services.EmployeeService.getEmployeeList() method has been finished. Parameter => []
2018-Dec-19 14:12:02 PM DEBUG com.mutu.spring.rest.aop.LoggingAspect - class com.mutu.spring.rest.dao.EmployeeDao.getEmployeeList() method has been finished. Parameter => []
2018-Dec-19 14:12:02 PM DEBUG com.mutu.spring.rest.zgen.mapper.EmployeeMapper.selectByExample - ==>  Preparing: select EMPLOYEE_ID, NAME, DOB, GENDER, MOBILE, EMAIL from EMPLOYEE 
2018-Dec-19 14:12:02 PM DEBUG com.mutu.spring.rest.zgen.mapper.EmployeeMapper.selectByExample - ==> Parameters: 
2018-Dec-19 14:12:02 PM DEBUG com.mutu.spring.rest.zgen.mapper.EmployeeMapper.selectByExample - <==      Total: 3
2018-Dec-19 14:12:02 PM DEBUG com.mutu.spring.rest.aop.LoggingAspect - class com.mutu.spring.rest.dao.EmployeeDao.getEmployeeList() method has been finished. Return Result => [{"employeeId":1,"name":"Zaw Than Oo","dob":533842200000,"gender":"MALE","mobile":"09420000773","email":"zawthanoo@cycdemo.com"},{"employeeId":2,"name":"Myo Thiha Kyaw","dob":656789400000,"gender":"MALE","mobile":"0942568971","email":"mthk@cycdemo.com"},{"employeeId":3,"name":"Htet Wai Yan Kyaw","dob":692731800000,"gender":"MALE","mobile":"0942025023","email":"hwyk@cycdemo.com"}]
2018-Dec-19 14:12:02 PM DEBUG com.mutu.spring.rest.aop.LoggingAspect - class com.mutu.spring.rest.services.EmployeeService.getEmployeeList() method has been finished. Return Result => [{"employeeId":1,"name":"Zaw Than Oo","dob":533842200000,"gender":"MALE","mobile":"09420000773","email":"zawthanoo@cycdemo.com"},{"employeeId":2,"name":"Myo Thiha Kyaw","dob":656789400000,"gender":"MALE","mobile":"0942568971","email":"mthk@cycdemo.com"},{"employeeId":3,"name":"Htet Wai Yan Kyaw","dob":692731800000,"gender":"MALE","mobile":"0942025023","email":"hwyk@cycdemo.com"}]
2018-Dec-19 14:12:07 PM DEBUG com.mutu.spring.rest.aop.LoggingAspect - class com.mutu.spring.rest.services.EmployeeService.findByEmail() method has been finished. Parameter => ["zawthanoo@cycdemo.com"]
2018-Dec-19 14:12:07 PM DEBUG com.mutu.spring.rest.aop.LoggingAspect - class com.mutu.spring.rest.dao.EmployeeDao.findByEmail() method has been finished. Parameter => ["zawthanoo@cycdemo.com"]
2018-Dec-19 14:12:07 PM DEBUG com.mutu.spring.rest.custommapper.EmployeeCustomMapper.findByEmail - ==>  Preparing: SELECT T1.NAME, T1.MOBILE, T1.EMAIL FROM EMPLOYEE T1 WHERE T1.EMAIL = ? 
2018-Dec-19 14:12:07 PM DEBUG com.mutu.spring.rest.custommapper.EmployeeCustomMapper.findByEmail - ==> Parameters: zawthanoo@cycdemo.com(String)
2018-Dec-19 14:12:07 PM DEBUG com.mutu.spring.rest.custommapper.EmployeeCustomMapper.findByEmail - <==      Total: 1
2018-Dec-19 14:12:07 PM DEBUG com.mutu.spring.rest.aop.LoggingAspect - class com.mutu.spring.rest.dao.EmployeeDao.findByEmail() method has been finished. Return Result => {"fullName":"Zaw Than Oo","phone":"09420000773","email":"zawthanoo@cycdemo.com"}
2018-Dec-19 14:12:07 PM DEBUG com.mutu.spring.rest.aop.LoggingAspect - class com.mutu.spring.rest.services.EmployeeService.findByEmail() method has been finished. Return Result => {"fullName":"Zaw Than Oo","phone":"09420000773","email":"zawthanoo@cycdemo.com"}
2018-Dec-19 14:12:08 PM DEBUG com.mutu.spring.rest.aop.LoggingAspect - class com.mutu.spring.rest.services.EmployeeService.getEmployeeList() method has been finished. Parameter => []
2018-Dec-19 14:12:08 PM DEBUG com.mutu.spring.rest.aop.LoggingAspect - class com.mutu.spring.rest.dao.EmployeeDao.getEmployeeList() method has been finished. Parameter => []
2018-Dec-19 14:12:08 PM DEBUG com.mutu.spring.rest.zgen.mapper.EmployeeMapper.selectByExample - ==>  Preparing: select EMPLOYEE_ID, NAME, DOB, GENDER, MOBILE, EMAIL from EMPLOYEE 
2018-Dec-19 14:12:08 PM DEBUG com.mutu.spring.rest.zgen.mapper.EmployeeMapper.selectByExample - ==> Parameters: 
2018-Dec-19 14:12:08 PM DEBUG com.mutu.spring.rest.zgen.mapper.EmployeeMapper.selectByExample - <==      Total: 3
2018-Dec-19 14:12:08 PM DEBUG com.mutu.spring.rest.aop.LoggingAspect - class com.mutu.spring.rest.dao.EmployeeDao.getEmployeeList() method has been finished. Return Result => [{"employeeId":1,"name":"Zaw Than Oo","dob":533842200000,"gender":"MALE","mobile":"09420000773","email":"zawthanoo@cycdemo.com"},{"employeeId":2,"name":"Myo Thiha Kyaw","dob":656789400000,"gender":"MALE","mobile":"0942568971","email":"mthk@cycdemo.com"},{"employeeId":3,"name":"Htet Wai Yan Kyaw","dob":692731800000,"gender":"MALE","mobile":"0942025023","email":"hwyk@cycdemo.com"}]
2018-Dec-19 14:12:08 PM DEBUG com.mutu.spring.rest.aop.LoggingAspect - class com.mutu.spring.rest.services.EmployeeService.getEmployeeList() method has been finished. Return Result => [{"employeeId":1,"name":"Zaw Than Oo","dob":533842200000,"gender":"MALE","mobile":"09420000773","email":"zawthanoo@cycdemo.com"},{"employeeId":2,"name":"Myo Thiha Kyaw","dob":656789400000,"gender":"MALE","mobile":"0942568971","email":"mthk@cycdemo.com"},{"employeeId":3,"name":"Htet Wai Yan Kyaw","dob":692731800000,"gender":"MALE","mobile":"0942025023","email":"hwyk@cycdemo.com"}]
2018-Dec-19 14:12:10 PM DEBUG com.mutu.spring.rest.aop.LoggingAspect - class com.mutu.spring.rest.oauth2.UserServiceImpl.findAll() method has been finished. Parameter => []
2018-Dec-19 14:12:10 PM DEBUG com.mutu.spring.rest.zgen.mapper.UserMapper.selectByExample - ==>  Preparing: select USER_ID, USERNAME, PASSWORD from USER 
2018-Dec-19 14:12:10 PM DEBUG com.mutu.spring.rest.zgen.mapper.UserMapper.selectByExample - ==> Parameters: 
2018-Dec-19 14:12:10 PM DEBUG com.mutu.spring.rest.zgen.mapper.UserMapper.selectByExample - <==      Total: 2
2018-Dec-19 14:12:10 PM DEBUG com.mutu.spring.rest.aop.LoggingAspect - class com.mutu.spring.rest.oauth2.UserServiceImpl.findAll() method has been finished. Return Result => [{"userId":1,"username":"admin","password":"$2a$04$I9Q2sDc4QGGg5WNTLmsz0.fvGv3OjoZyj81PrSFyGOqMphqfS2qKu"},{"userId":2,"username":"user","password":"$2a$04$I9Q2sDc4QGGg5WNTLmsz0.fvGv3OjoZyj81PrSFyGOqMphqfS2qKu"}]
2018-Dec-19 14:12:19 PM DEBUG com.mutu.spring.rest.aop.LoggingAspect - class com.mutu.spring.rest.oauth2.UserServiceImpl.loadUserByUsername() method has been finished. Parameter => ["user"]
2018-Dec-19 14:12:19 PM DEBUG com.mutu.spring.rest.aop.LoggingAspect - class com.mutu.spring.rest.oauth2.UserDao.findByUsername() method has been finished. Parameter => ["user"]
2018-Dec-19 14:12:19 PM DEBUG com.mutu.spring.rest.custommapper.SecurityMapper.loadUserByUsername - ==>  Preparing: SELECT T1.USER_ID, T1.USERNAME, T1.PASSWORD FROM USER T1 WHERE T1.USERNAME = ? 
2018-Dec-19 14:12:19 PM DEBUG com.mutu.spring.rest.custommapper.SecurityMapper.loadUserByUsername - ==> Parameters: user(String)
2018-Dec-19 14:12:19 PM DEBUG com.mutu.spring.rest.custommapper.SecurityMapper.getRoleList - ====>  Preparing: SELECT ROLE FROM ROLES T1 JOIN USER_ROLES T2 ON T1.ROLE_ID = T2.ROLE_ID WHERE T2.USER_ID = ?; 
2018-Dec-19 14:12:19 PM DEBUG com.mutu.spring.rest.custommapper.SecurityMapper.getRoleList - ====> Parameters: 2(Integer)
2018-Dec-19 14:12:19 PM DEBUG com.mutu.spring.rest.custommapper.SecurityMapper.getRoleList - <====      Total: 1
2018-Dec-19 14:12:19 PM DEBUG com.mutu.spring.rest.custommapper.SecurityMapper.loadUserByUsername - <==      Total: 1
2018-Dec-19 14:12:19 PM DEBUG com.mutu.spring.rest.aop.LoggingAspect - class com.mutu.spring.rest.oauth2.UserDao.findByUsername() method has been finished. Return Result => {"userId":2,"username":"user","password":"$2a$04$I9Q2sDc4QGGg5WNTLmsz0.fvGv3OjoZyj81PrSFyGOqMphqfS2qKu","roles":["USER"],"enabled":true,"authorities":[{"authority":"USER"}],"accountNonExpired":true,"credentialsNonExpired":true,"accountNonLocked":true}
2018-Dec-19 14:12:19 PM DEBUG com.mutu.spring.rest.aop.LoggingAspect - class com.mutu.spring.rest.oauth2.UserServiceImpl.loadUserByUsername() method has been finished. Return Result => {"userId":2,"username":"user","password":"$2a$04$I9Q2sDc4QGGg5WNTLmsz0.fvGv3OjoZyj81PrSFyGOqMphqfS2qKu","roles":["USER"],"enabled":true,"authorities":[{"authority":"USER"}],"accountNonExpired":true,"credentialsNonExpired":true,"accountNonLocked":true}
2018-Dec-19 14:12:31 PM DEBUG com.mutu.spring.rest.aop.LoggingAspect - class com.mutu.spring.rest.services.EmployeeService.getEmployeeList() method has been finished. Parameter => []
2018-Dec-19 14:12:31 PM DEBUG com.mutu.spring.rest.aop.LoggingAspect - class com.mutu.spring.rest.dao.EmployeeDao.getEmployeeList() method has been finished. Parameter => []
2018-Dec-19 14:12:31 PM DEBUG com.mutu.spring.rest.zgen.mapper.EmployeeMapper.selectByExample - ==>  Preparing: select EMPLOYEE_ID, NAME, DOB, GENDER, MOBILE, EMAIL from EMPLOYEE 
2018-Dec-19 14:12:31 PM DEBUG com.mutu.spring.rest.zgen.mapper.EmployeeMapper.selectByExample - ==> Parameters: 
2018-Dec-19 14:12:31 PM DEBUG com.mutu.spring.rest.zgen.mapper.EmployeeMapper.selectByExample - <==      Total: 3
2018-Dec-19 14:12:31 PM DEBUG com.mutu.spring.rest.aop.LoggingAspect - class com.mutu.spring.rest.dao.EmployeeDao.getEmployeeList() method has been finished. Return Result => [{"employeeId":1,"name":"Zaw Than Oo","dob":533842200000,"gender":"MALE","mobile":"09420000773","email":"zawthanoo@cycdemo.com"},{"employeeId":2,"name":"Myo Thiha Kyaw","dob":656789400000,"gender":"MALE","mobile":"0942568971","email":"mthk@cycdemo.com"},{"employeeId":3,"name":"Htet Wai Yan Kyaw","dob":692731800000,"gender":"MALE","mobile":"0942025023","email":"hwyk@cycdemo.com"}]
2018-Dec-19 14:12:31 PM DEBUG com.mutu.spring.rest.aop.LoggingAspect - class com.mutu.spring.rest.services.EmployeeService.getEmployeeList() method has been finished. Return Result => [{"employeeId":1,"name":"Zaw Than Oo","dob":533842200000,"gender":"MALE","mobile":"09420000773","email":"zawthanoo@cycdemo.com"},{"employeeId":2,"name":"Myo Thiha Kyaw","dob":656789400000,"gender":"MALE","mobile":"0942568971","email":"mthk@cycdemo.com"},{"employeeId":3,"name":"Htet Wai Yan Kyaw","dob":692731800000,"gender":"MALE","mobile":"0942025023","email":"hwyk@cycdemo.com"}]
